app/build/intermediates/manifest_merge_blame_file/debug/manifest-merger-blame-debug-report.txt
1<?xml version="1.0" encoding="utf-8"?>
2<manifest xmlns:android="http://schemas.android.com/apk/res/android"
3    package="com.smart.moneymanager"
4    android:versionCode="1"
5    android:versionName="1.1" >
6
7    <uses-sdk
8        android:minSdkVersion="19"
8-->src\main\AndroidManifest.xml
9        android:targetSdkVersion="29" />
9-->src\main\AndroidManifest.xml
10
11    <!-- To access Google+ APIs: -->
12    <uses-permission android:name="android.permission.INTERNET" />
12-->src\main\AndroidManifest.xml:6:5-67
12-->src\main\AndroidManifest.xml:6:22-64
13    <uses-permission android:name="android.permission.WRITE_EXTERNAL_STORAGE" />
13-->src\main\AndroidManifest.xml:7:5-81
13-->src\main\AndroidManifest.xml:7:22-78
14    <uses-permission android:name="com.android.alarm.permission.SET_ALARM" />
14-->src\main\AndroidManifest.xml:8:5-78
14-->src\main\AndroidManifest.xml:8:22-75
15    <uses-permission android:name="android.permission.RECEIVE_BOOT_COMPLETED" />
15-->src\main\AndroidManifest.xml:9:5-80
15-->src\main\AndroidManifest.xml:9:22-78
16    <uses-permission android:name="android.permission.ACCESS_NETWORK_STATE" />
16-->src\main\AndroidManifest.xml:11:5-79
16-->src\main\AndroidManifest.xml:11:22-76
17    <uses-permission android:name="android.permission.ACCESS_COARSE_LOCATION" />
17-->src\main\AndroidManifest.xml:12:5-81
17-->src\main\AndroidManifest.xml:12:22-78
18
19    <meta-data
19-->src\main\AndroidManifest.xml:13:5-83
20        android:name="ADMOB_ALLOW_LOCATION_FOR_ADS"
20-->src\main\AndroidManifest.xml:13:37-80
21        android:value="true" />
21-->src\main\AndroidManifest.xml:13:16-36
22
23    <uses-permission android:name="android.permission.ACCESS_FINE_LOCATION" />
23-->src\main\AndroidManifest.xml:14:5-79
23-->src\main\AndroidManifest.xml:14:22-76
24    <uses-permission android:name="android.permission.WRITE_INTERNAL_STORAGE" />
24-->src\main\AndroidManifest.xml:15:5-81
24-->src\main\AndroidManifest.xml:15:22-78
25    <uses-permission android:name="android.permission.READ_INTERNAL_STORAGE" />
25-->src\main\AndroidManifest.xml:16:5-80
25-->src\main\AndroidManifest.xml:16:22-77
26
27    <application
27-->src\main\AndroidManifest.xml:18:5-73:19
28        android:allowBackup="true"
28-->src\main\AndroidManifest.xml:19:9-35
29        android:appComponentFactory="androidx.core.app.CoreComponentFactory"
29-->[androidx.core:core:1.1.0] AndroidManifest.xml:24:18-86
30        android:configChanges="locale"
30-->src\main\AndroidManifest.xml:20:9-39
31        android:debuggable="true"
32        android:icon="@mipmap/ic_launcher"
32-->src\main\AndroidManifest.xml:21:9-43
33        android:label="@string/app_name"
33-->src\main\AndroidManifest.xml:22:9-41
34        android:roundIcon="@mipmap/ic_launcher_round"
34-->src\main\AndroidManifest.xml:23:9-54
35        android:supportsRtl="true"
35-->src\main\AndroidManifest.xml:24:9-35
36        android:testOnly="true"
37        android:theme="@style/NoActionBar" >
37-->src\main\AndroidManifest.xml:25:9-43
38        <meta-data
38-->src\main\AndroidManifest.xml:27:9-29:69
39            android:name="com.google.android.gms.version"
39-->src\main\AndroidManifest.xml:28:13-58
40            android:value="@integer/google_play_services_version" />
40-->src\main\AndroidManifest.xml:29:13-66
41
42        <activity android:name="com.smart.moneymanager.Activity.ActivitySplash" >
42-->src\main\AndroidManifest.xml:32:9-38:20
42-->src\main\AndroidManifest.xml:32:19-80
43            <intent-filter>
43-->src\main\AndroidManifest.xml:33:13-37:29
44                <action android:name="android.intent.action.MAIN" />
44-->src\main\AndroidManifest.xml:34:17-69
44-->src\main\AndroidManifest.xml:34:25-66
45
46                <category android:name="android.intent.category.LAUNCHER" />
46-->src\main\AndroidManifest.xml:36:17-77
46-->src\main\AndroidManifest.xml:36:27-74
47            </intent-filter>
48        </activity>
49        <activity
49-->src\main\AndroidManifest.xml:39:9-42:90
50            android:name="com.smart.moneymanager.Activity.ActivityDailyTrans"
50-->src\main\AndroidManifest.xml:40:13-78
51            android:exported="true"
51-->src\main\AndroidManifest.xml:41:13-36
52            android:parentActivityName="com.smart.moneymanager.Activity.ActivityStart" />
52-->src\main\AndroidManifest.xml:42:13-87
53        <activity
53-->src\main\AndroidManifest.xml:43:9-46:90
54            android:name="com.smart.moneymanager.Activity.ActivityBottomNavig"
54-->src\main\AndroidManifest.xml:44:13-79
55            android:exported="true"
55-->src\main\AndroidManifest.xml:45:13-36
56            android:parentActivityName="com.smart.moneymanager.Activity.ActivityStart" />
56-->src\main\AndroidManifest.xml:46:13-87
57        <activity
57-->src\main\AndroidManifest.xml:47:9-51:90
58            android:name="com.smart.moneymanager.Activity.ActivityAddTrans"
58-->src\main\AndroidManifest.xml:48:13-76
59            android:exported="true"
59-->src\main\AndroidManifest.xml:49:13-36
60            android:label="Add transaction"
60-->src\main\AndroidManifest.xml:50:13-44
61            android:parentActivityName="com.smart.moneymanager.Activity.ActivityStart" />
61-->src\main\AndroidManifest.xml:51:13-87
62        <activity
62-->src\main\AndroidManifest.xml:52:9-55:97
63            android:name="com.smart.moneymanager.Activity.ActivityFileExp"
63-->src\main\AndroidManifest.xml:53:13-75
64            android:exported="true"
64-->src\main\AndroidManifest.xml:54:13-36
65            android:parentActivityName="com.smart.moneymanager.Activity.ActivityExportImport" />
65-->src\main\AndroidManifest.xml:55:13-94
66        <activity
66-->src\main\AndroidManifest.xml:56:9-59:92
67            android:name="com.smart.moneymanager.Activity.ActivityExportImport"
67-->src\main\AndroidManifest.xml:57:13-80
68            android:exported="true"
68-->src\main\AndroidManifest.xml:58:13-36
69            android:parentActivityName="com.smart.moneymanager.Activity.ActivitySetting" />
69-->src\main\AndroidManifest.xml:59:13-89
70        <activity android:name="com.smart.moneymanager.Activity.ActivityStart" />
70-->src\main\AndroidManifest.xml:60:9-82
70-->src\main\AndroidManifest.xml:60:19-79
71        <activity
71-->src\main\AndroidManifest.xml:61:9-64:90
72            android:name="com.smart.moneymanager.Activity.ActivitySetting"
72-->src\main\AndroidManifest.xml:62:13-75
73            android:label="Settings"
73-->src\main\AndroidManifest.xml:63:13-37
74            android:parentActivityName="com.smart.moneymanager.Activity.ActivityStart" />
74-->src\main\AndroidManifest.xml:64:13-87
75
76        <meta-data
76-->src\main\AndroidManifest.xml:66:9-68:39
77            android:name="com.onesignal.NotificationOpened.DEFAULT"
77-->src\main\AndroidManifest.xml:67:13-68
78            android:value="DISABLE" />
78-->src\main\AndroidManifest.xml:68:13-36
79
80        <receiver
80-->src\main\AndroidManifest.xml:70:9-72:41
81            android:name="com.smart.moneymanager.Notification.Notification"
81-->src\main\AndroidManifest.xml:71:13-76
82            android:process=":remote" />
82-->src\main\AndroidManifest.xml:72:13-38
83
84        <service
84-->[androidx.room:room-runtime:2.2.3] AndroidManifest.xml:25:9-27:40
85            android:name="androidx.room.MultiInstanceInvalidationService"
85-->[androidx.room:room-runtime:2.2.3] AndroidManifest.xml:26:13-74
86            android:exported="false" />
86-->[androidx.room:room-runtime:2.2.3] AndroidManifest.xml:27:13-37
87
88        <activity
88-->[com.google.android.gms:play-services-base:17.0.0] AndroidManifest.xml:23:9-26:75
89            android:name="com.google.android.gms.common.api.GoogleApiActivity"
89-->[com.google.android.gms:play-services-base:17.0.0] AndroidManifest.xml:24:13-79
90            android:exported="false"
90-->[com.google.android.gms:play-services-base:17.0.0] AndroidManifest.xml:25:13-37
91            android:theme="@android:style/Theme.Translucent.NoTitleBar" />
91-->[com.google.android.gms:play-services-base:17.0.0] AndroidManifest.xml:26:13-72
92
93        <provider
93-->[androidx.lifecycle:lifecycle-process:2.2.0] AndroidManifest.xml:25:9-29:43
94            android:name="androidx.lifecycle.ProcessLifecycleOwnerInitializer"
94-->[androidx.lifecycle:lifecycle-process:2.2.0] AndroidManifest.xml:26:13-79
95            android:authorities="com.smart.moneymanager.lifecycle-process"
95-->[androidx.lifecycle:lifecycle-process:2.2.0] AndroidManifest.xml:27:13-69
96            android:exported="false"
96-->[androidx.lifecycle:lifecycle-process:2.2.0] AndroidManifest.xml:28:13-37
97            android:multiprocess="true" />
97-->[androidx.lifecycle:lifecycle-process:2.2.0] AndroidManifest.xml:29:13-40
98    </application>
99
100</manifest>